<?xml version="1.0" encoding="UTF-8"?>
<!-- Generated by org.testng.reporters.JUnitReportReporter -->
<testsuite hostname="DESKTOP-5MNBMD0" failures="0" tests="4" name="TestNG.DisabledTestScript" time="0.024" errors="0" timestamp="2023-12-04T23:49:07 IST" skipped="1">
  <testcase classname="TestNG.DisabledTestScript" name="b" time="0.017"/>
  <testcase classname="TestNG.DisabledTestScript" name="a" time="0.003"/>
  <testcase classname="TestNG.DisabledTestScript" name="c" time="0.004"/>
  <testcase classname="TestNG.DisabledTestScript" name="d">
    <skipped/>
  </testcase> <!-- d -->
</testsuite> <!-- TestNG.DisabledTestScript -->
