<?xml version="1.0" encoding="UTF-8"?>
<!-- Generated by org.testng.reporters.JUnitReportReporter -->
<testsuite hostname="DESKTOP-5MNBMD0" failures="0" tests="3" name="TestNG.DemoClass1" time="0.030" errors="0" timestamp="2023-12-05T12:47:50 IST" skipped="0">
  <testcase classname="TestNG.DemoClass1" name="testCase1" time="0.007"/>
  <testcase classname="TestNG.DemoClass1" name="testCase" time="0.016"/>
  <testcase classname="TestNG.DemoClass1" name="testCase2" time="0.007"/>
</testsuite> <!-- TestNG.DemoClass1 -->
