<?xml version="1.0" encoding="UTF-8"?>
<!-- Generated by org.testng.reporters.JUnitReportReporter -->
<testsuite hostname="DESKTOP-5MNBMD0" failures="0" tests="3" name="TestNG.DemoClass2" time="0.020" errors="0" timestamp="2023-12-05T12:47:50 IST" skipped="0">
  <testcase classname="TestNG.DemoClass2" name="testCase" time="0.006"/>
  <testcase classname="TestNG.DemoClass2" name="testCase4" time="0.006"/>
  <testcase classname="TestNG.DemoClass2" name="testCase3" time="0.008"/>
</testsuite> <!-- TestNG.DemoClass2 -->
