<?xml version="1.0" encoding="UTF-8"?>
<!-- Generated by org.testng.reporters.JUnitReportReporter -->
<testsuite hostname="DESKTOP-5MNBMD0" failures="0" tests="5" name="TestNG.Dependency" time="0.059" errors="0" timestamp="2023-12-02T16:55:01 IST" skipped="0">
  <testcase classname="TestNG.Dependency" name="login" time="0.028"/>
  <testcase classname="TestNG.Dependency" name="searchProduct" time="0.015"/>
  <testcase classname="TestNG.Dependency" name="addToCart" time="0.008"/>
  <testcase classname="TestNG.Dependency" name="payment" time="0.004"/>
  <testcase classname="TestNG.Dependency" name="logout" time="0.004"/>
</testsuite> <!-- TestNG.Dependency -->
