<?xml version="1.0" encoding="UTF-8"?>
<!-- Generated by org.testng.reporters.JUnitReportReporter -->
<testsuite hostname="DESKTOP-5MNBMD0" failures="0" tests="8" name="TestNG.InvocationCount" time="0.019" errors="0" timestamp="2023-12-02T15:50:14 IST" skipped="0">
  <testcase classname="TestNG.InvocationCount" name="b" time="0.001"/>
  <testcase classname="TestNG.InvocationCount" name="b" time="0.001"/>
  <testcase classname="TestNG.InvocationCount" name="b" time="0.002"/>
  <testcase classname="TestNG.InvocationCount" name="b" time="0.009"/>
  <testcase classname="TestNG.InvocationCount" name="b" time="0.001"/>
  <testcase classname="TestNG.InvocationCount" name="a" time="0.002"/>
  <testcase classname="TestNG.InvocationCount" name="d" time="0.002"/>
  <testcase classname="TestNG.InvocationCount" name="c" time="0.001"/>
</testsuite> <!-- TestNG.InvocationCount -->
