<?xml version="1.0" encoding="UTF-8"?>
<!-- Generated by org.testng.reporters.JUnitReportReporter -->
<testsuite hostname="DESKTOP-5MNBMD0" failures="0" tests="4" name="TestNG.DataProviderTest" time="0.020" errors="0" timestamp="2023-12-02T16:30:49 IST" skipped="0">
  <testcase classname="TestNG.DataProviderTest" name="food" time="0.012"/>
  <testcase classname="TestNG.DataProviderTest" name="food" time="0.003"/>
  <testcase classname="TestNG.DataProviderTest" name="food" time="0.002"/>
  <testcase classname="TestNG.DataProviderTest" name="food" time="0.003"/>
</testsuite> <!-- TestNG.DataProviderTest -->
