<?xml version="1.0" encoding="UTF-8"?>
<!-- Generated by org.testng.reporters.JUnitReportReporter -->
<testsuite hostname="DESKTOP-5MNBMD0" failures="0" tests="3" name="TestNG.Group" time="0.017" errors="0" timestamp="2023-12-02T16:56:12 IST" skipped="0">
  <testcase classname="TestNG.Group" name="wearClothes" time="0.002"/>
  <testcase classname="TestNG.Group" name="education" time="0.002"/>
  <testcase classname="TestNG.Group" name="eatFood" time="0.013"/>
</testsuite> <!-- TestNG.Group -->
