<?xml version="1.0" encoding="UTF-8"?>
<!-- Generated by org.testng.reporters.JUnitReportReporter -->
<testsuite hostname="DESKTOP-5MNBMD0" failures="0" tests="1" name="TestNG.GoogleTest" time="17.060" errors="0" timestamp="2023-12-04T11:28:27 IST" skipped="0">
  <testcase classname="TestNG.GoogleTest" name="googleTest" time="17.060"/>
</testsuite> <!-- TestNG.GoogleTest -->
