<?xml version="1.0" encoding="UTF-8"?>
<!-- Generated by org.testng.reporters.JUnitReportReporter -->
<testsuite hostname="DESKTOP-5MNBMD0" failures="0" tests="1" name="TestNG.BaseClass" time="0.013" errors="0" timestamp="2023-12-05T10:42:49 IST" skipped="0">
  <testcase classname="TestNG.BaseClass" name="testCase" time="0.013"/>
</testsuite> <!-- TestNG.BaseClass -->
