<?xml version="1.0" encoding="UTF-8"?>
<!-- Generated by org.testng.reporters.JUnitReportReporter -->
<testsuite hostname="DESKTOP-5MNBMD0" failures="0" tests="4" name="TestNG.Priority" time="0.012" errors="0" timestamp="2023-12-02T15:43:51 IST" skipped="0">
  <testcase classname="TestNG.Priority" name="b" time="0.007"/>
  <testcase classname="TestNG.Priority" name="a" time="0.002"/>
  <testcase classname="TestNG.Priority" name="d" time="0.001"/>
  <testcase classname="TestNG.Priority" name="c" time="0.002"/>
</testsuite> <!-- TestNG.Priority -->
